<?xml version="1.0" encoding="UTF-8"?>
<!-- Generated by org.testng.reporters.JUnitXMLReporter -->
<testsuite ignored="20" hostname="LP00034" failures="1" tests="1" name="Default test" time="15.932" errors="0" timestamp="2025-09-05T16:03:26 IST">
  <testcase classname="com.accordsign.qa.testcases.SignUpTest" name="validateSignupOtpPageAllElement" time="9.422">
    <failure type="java.lang.AssertionError" message="The following asserts failed:
	expected [We have sent an OTP to : hshah@perigeon.com] but found [We sent an OTP to : hshah@perigeon.com]">
      <![CDATA[java.lang.AssertionError: The following asserts failed:
expected [We have sent an OTP to : hshah@perigeon.com] but found [We sent an OTP to : hshah@perigeon.com]
at org.testng.asserts.SoftAssert.assertAll(SoftAssert.java:46)
at org.testng.asserts.SoftAssert.assertAll(SoftAssert.java:30)
at com.accordsign.qa.testcases.SignUpTest.validateSignupOtpPageAllElement(SignUpTest.java:251)
at java.base/jdk.internal.reflect.DirectMethodHandleAccessor.invoke(DirectMethodHandleAccessor.java:103)
at java.base/java.lang.reflect.Method.invoke(Method.java:580)
at org.testng.internal.invokers.MethodInvocationHelper.invokeMethod(MethodInvocationHelper.java:141)
at org.testng.internal.invokers.TestInvoker.invokeMethod(TestInvoker.java:687)
at org.testng.internal.invokers.TestInvoker.invokeTestMethod(TestInvoker.java:230)
at org.testng.internal.invokers.MethodRunner.runInSequence(MethodRunner.java:63)
at org.testng.internal.invokers.TestInvoker$MethodInvocationAgent.invoke(TestInvoker.java:995)
at org.testng.internal.invokers.TestInvoker.invokeTestMethods(TestInvoker.java:203)
at org.testng.internal.invokers.TestMethodWorker.invokeTestMethods(TestMethodWorker.java:154)
at org.testng.internal.invokers.TestMethodWorker.run(TestMethodWorker.java:134)
at java.base/java.util.ArrayList.forEach(ArrayList.java:1597)
at org.testng.TestRunner.privateRun(TestRunner.java:741)
at org.testng.TestRunner.run(TestRunner.java:616)
at org.testng.SuiteRunner.runTest(SuiteRunner.java:421)
at org.testng.SuiteRunner.runSequentially(SuiteRunner.java:413)
at org.testng.SuiteRunner.privateRun(SuiteRunner.java:373)
at org.testng.SuiteRunner.run(SuiteRunner.java:312)
at org.testng.SuiteRunnerWorker.runSuite(SuiteRunnerWorker.java:52)
at org.testng.SuiteRunnerWorker.run(SuiteRunnerWorker.java:95)
at org.testng.TestNG.runSuitesSequentially(TestNG.java:1274)
at org.testng.TestNG.runSuitesLocally(TestNG.java:1208)
at org.testng.TestNG.runSuites(TestNG.java:1112)
at org.testng.TestNG.run(TestNG.java:1079)
at org.testng.remote.AbstractRemoteTestNG.run(AbstractRemoteTestNG.java:115)
at org.testng.remote.RemoteTestNG.initAndRun(RemoteTestNG.java:293)
at org.testng.remote.RemoteTestNG.main(RemoteTestNG.java:91)
]]>
    </failure>
  </testcase> <!-- validateSignupOtpPageAllElement -->
  <testcase classname="com.accordsign.qa.testcases.SignUpTest" name="validateCompanyNamePlaceHolderTextTest" time="0.0">
    <ignored/>
  </testcase> <!-- validateCompanyNamePlaceHolderTextTest -->
  <testcase classname="com.accordsign.qa.testcases.SignUpTest" name="validatePhoneNumberPlaceHolderTextTest" time="0.0">
    <ignored/>
  </testcase> <!-- validatePhoneNumberPlaceHolderTextTest -->
  <testcase classname="com.accordsign.qa.testcases.SignUpTest" name="validateCompanyNameLabelTest" time="0.0">
    <ignored/>
  </testcase> <!-- validateCompanyNameLabelTest -->
  <testcase classname="com.accordsign.qa.testcases.SignUpTest" name="validateLastNamePlaceHolderTextTest" time="0.0">
    <ignored/>
  </testcase> <!-- validateLastNamePlaceHolderTextTest -->
  <testcase classname="com.accordsign.qa.testcases.SignUpTest" name="validateSignupText1Test" time="0.0">
    <ignored/>
  </testcase> <!-- validateSignupText1Test -->
  <testcase classname="com.accordsign.qa.testcases.SignUpTest" name="validateSignupPageTitleTest" time="0.0">
    <ignored/>
  </testcase> <!-- validateSignupPageTitleTest -->
  <testcase classname="com.accordsign.qa.testcases.SignUpTest" name="validateWorkEmailPlaceHolderTextTest" time="0.0">
    <ignored/>
  </testcase> <!-- validateWorkEmailPlaceHolderTextTest -->
  <testcase classname="com.accordsign.qa.testcases.SignUpTest" name="validateCheckBoxTextTest" time="0.0">
    <ignored/>
  </testcase> <!-- validateCheckBoxTextTest -->
  <testcase classname="com.accordsign.qa.testcases.SignUpTest" name="validateFirstNameLabelTest" time="0.0">
    <ignored/>
  </testcase> <!-- validateFirstNameLabelTest -->
  <testcase classname="com.accordsign.qa.testcases.SignUpTest" name="validateLastNameLabelTest" time="0.0">
    <ignored/>
  </testcase> <!-- validateLastNameLabelTest -->
  <testcase classname="com.accordsign.qa.testcases.SignUpTest" name="validatePhoneNumberLabelTest" time="0.0">
    <ignored/>
  </testcase> <!-- validatePhoneNumberLabelTest -->
  <testcase classname="com.accordsign.qa.testcases.SignUpTest" name="validateSignupBtnTextTest" time="0.0">
    <ignored/>
  </testcase> <!-- validateSignupBtnTextTest -->
  <testcase classname="com.accordsign.qa.testcases.SignUpTest" name="validateSignUpValidationMessageTest" time="0.0">
    <ignored/>
  </testcase> <!-- validateSignUpValidationMessageTest -->
  <testcase classname="com.accordsign.qa.testcases.SignUpTest" name="validateFirstNamePlaceHolderTextTest" time="0.0">
    <ignored/>
  </testcase> <!-- validateFirstNamePlaceHolderTextTest -->
  <testcase classname="com.accordsign.qa.testcases.SignUpTest" name="validateSignupText2Test" time="0.0">
    <ignored/>
  </testcase> <!-- validateSignupText2Test -->
  <testcase classname="com.accordsign.qa.testcases.SignUpTest" name="validateUserSignUpTest" time="0.0">
    <ignored/>
  </testcase> <!-- validateUserSignUpTest -->
  <testcase classname="com.accordsign.qa.testcases.SignUpTest" name="validateCountryCodeDropDownValue" time="0.0">
    <ignored/>
  </testcase> <!-- validateCountryCodeDropDownValue -->
  <testcase classname="com.accordsign.qa.testcases.SignUpTest" name="validateSignupPasswordPageAllElement" time="0.0">
    <ignored/>
  </testcase> <!-- validateSignupPasswordPageAllElement -->
  <testcase classname="com.accordsign.qa.testcases.SignUpTest" name="validateSignUpPageHeadingTest" time="0.0">
    <ignored/>
  </testcase> <!-- validateSignUpPageHeadingTest -->
  <testcase classname="com.accordsign.qa.testcases.SignUpTest" name="validateWorkEmailLabelTest" time="0.0">
    <ignored/>
  </testcase> <!-- validateWorkEmailLabelTest -->
</testsuite> <!-- Default test -->
